<?xml version="1.0" encoding="UTF-8"?>
<!-- Generated by org.testng.reporters.JUnitReportReporter -->
<testsuite skipped="0" hostname="DESKTOP-U4OMEBF" name="automationFramework.SecondTestCase" tests="3" failures="0" timestamp="03 Jul 2018 12:21:35 GMT" time="31.678" errors="0">
  <testcase name="KYCQueryOrderPageParametersDisplayedTest" time="8.185" classname="automationFramework.SecondTestCase"/>
  <testcase name="ManageKYCPageParametersDisplayedTest" time="4.018" classname="automationFramework.SecondTestCase"/>
  <testcase name="BOLoginTest" time="19.475" classname="automationFramework.SecondTestCase"/>
</testsuite> <!-- automationFramework.SecondTestCase -->
