<?xml version="1.0" encoding="UTF-8"?>
<!-- Generated by org.testng.reporters.JUnitReportReporter -->
<testsuite skipped="0" hostname="DESKTOP-U4OMEBF" name="automationFramework.SecondTestCase" tests="2" failures="0" timestamp="26 Jun 2018 14:48:03 GMT" time="52.428" errors="0">
  <testcase name="KYCBOLoginTest" time="43.493" classname="automationFramework.SecondTestCase"/>
  <testcase name="KYCQueryOrderPageParametersDisplayedTest" time="8.935" classname="automationFramework.SecondTestCase"/>
</testsuite> <!-- automationFramework.SecondTestCase -->
