<?xml version="1.0" encoding="UTF-8"?>
<!-- Generated by org.testng.reporters.JUnitReportReporter -->
<testsuite skipped="0" hostname="DESKTOP-U4OMEBF" name="automationFramework.SecondTestCase" tests="2" failures="0" timestamp="27 Jun 2018 10:26:29 GMT" time="47.888" errors="0">
  <testcase name="KYCQueryOrderPageParametersDisplayedTest" time="6.599" classname="automationFramework.SecondTestCase"/>
  <testcase name="KYCBOLoginTest" time="41.289" classname="automationFramework.SecondTestCase"/>
</testsuite> <!-- automationFramework.SecondTestCase -->
