<?xml version="1.0" encoding="UTF-8"?>
<!-- Generated by org.testng.reporters.JUnitReportReporter -->
<testsuite skipped="0" hostname="DESKTOP-U4OMEBF" name="automationFramework.KYCQueryOrderTestSuite" tests="1" failures="0" timestamp="19 Jul 2018 08:14:20 GMT" time="5.165" errors="0">
  <testcase name="KYCQueryOrderPageParametersDisplayedTest" time="5.165" classname="automationFramework.KYCQueryOrderTestSuite"/>
</testsuite> <!-- automationFramework.KYCQueryOrderTestSuite -->
