<?xml version="1.0" encoding="UTF-8"?>
<!-- Generated by org.testng.reporters.JUnitReportReporter -->
<testsuite skipped="0" hostname="DESKTOP-U4OMEBF" name="automationFramework.BOTestSuite" tests="5" failures="0" timestamp="30 Jul 2018 06:51:26 GMT" time="66.802" errors="0">
  <testcase name="ManageKYCDetailsPageDisplayedTest" time="17.870" classname="automationFramework.BOTestSuite"/>
  <testcase name="ManageKYCPageDetailsParametersDisplayedTest" time="13.128" classname="automationFramework.BOTestSuite"/>
  <testcase name="checkFilterFunctionality" time="5.809" classname="automationFramework.BOTestSuite"/>
  <testcase name="BOLoginTest" time="24.069" classname="automationFramework.BOTestSuite"/>
  <testcase name="ManageKYCPageParametersDisplayedTest" time="5.926" classname="automationFramework.BOTestSuite"/>
</testsuite> <!-- automationFramework.BOTestSuite -->
