<?xml version="1.0" encoding="UTF-8"?>
<!-- Generated by org.testng.reporters.JUnitReportReporter -->
<testsuite skipped="0" hostname="DESKTOP-U4OMEBF" name="automationFramework.ManageKYCTestSuite" tests="2" failures="0" timestamp="19 Jul 2018 08:51:46 GMT" time="32.506" errors="0">
  <testcase name="ManageKYCDetailsPageDisplayedTest" time="19.665" classname="automationFramework.ManageKYCTestSuite"/>
  <testcase name="ManageKYCPageDetailsParametersDisplayedTest" time="12.841" classname="automationFramework.ManageKYCTestSuite"/>
</testsuite> <!-- automationFramework.ManageKYCTestSuite -->
