<?xml version="1.0" encoding="UTF-8"?>
<!-- Generated by org.testng.reporters.JUnitReportReporter -->
<testsuite skipped="0" hostname="DESKTOP-U4OMEBF" name="automationFramework.SecondTestCase" tests="2" failures="0" timestamp="28 Jun 2018 14:59:11 GMT" time="48.156" errors="0">
  <testcase name="KYCQueryOrderPageParametersDisplayedTest" time="7.453" classname="automationFramework.SecondTestCase"/>
  <testcase name="KYCBOLoginTest" time="40.703" classname="automationFramework.SecondTestCase"/>
</testsuite> <!-- automationFramework.SecondTestCase -->
